  asslab1.cpp
C:\Users\rumya\source\repos\MatrixAssambler\asslab1.cpp(64,31): warning C4838: Преобразование из "unsigned short" в "float" требует сужающего преобразования.
C:\Users\rumya\source\repos\MatrixAssambler\asslab1.cpp(64,41): warning C4838: Преобразование из "unsigned short" в "float" требует сужающего преобразования.
C:\Users\rumya\source\repos\MatrixAssambler\asslab1.cpp(64,51): warning C4838: Преобразование из "unsigned short" в "float" требует сужающего преобразования.
C:\Users\rumya\source\repos\MatrixAssambler\asslab1.cpp(64,61): warning C4838: Преобразование из "unsigned short" в "float" требует сужающего преобразования.
C:\Users\rumya\source\repos\MatrixAssambler\asslab1.cpp(65,31): warning C4838: Преобразование из "unsigned short" в "float" требует сужающего преобразования.
C:\Users\rumya\source\repos\MatrixAssambler\asslab1.cpp(65,41): warning C4838: Преобразование из "unsigned short" в "float" требует сужающего преобразования.
C:\Users\rumya\source\repos\MatrixAssambler\asslab1.cpp(65,51): warning C4838: Преобразование из "unsigned short" в "float" требует сужающего преобразования.
C:\Users\rumya\source\repos\MatrixAssambler\asslab1.cpp(65,61): warning C4838: Преобразование из "unsigned short" в "float" требует сужающего преобразования.
C:\Users\rumya\source\repos\MatrixAssambler\asslab1.cpp(66,31): warning C4838: Преобразование из "unsigned short" в "float" требует сужающего преобразования.
C:\Users\rumya\source\repos\MatrixAssambler\asslab1.cpp(66,41): warning C4838: Преобразование из "unsigned short" в "float" требует сужающего преобразования.
C:\Users\rumya\source\repos\MatrixAssambler\asslab1.cpp(66,51): warning C4838: Преобразование из "unsigned short" в "float" требует сужающего преобразования.
C:\Users\rumya\source\repos\MatrixAssambler\asslab1.cpp(66,61): warning C4838: Преобразование из "unsigned short" в "float" требует сужающего преобразования.
C:\Users\rumya\source\repos\MatrixAssambler\asslab1.cpp(67,31): warning C4838: Преобразование из "unsigned short" в "float" требует сужающего преобразования.
C:\Users\rumya\source\repos\MatrixAssambler\asslab1.cpp(67,41): warning C4838: Преобразование из "unsigned short" в "float" требует сужающего преобразования.
C:\Users\rumya\source\repos\MatrixAssambler\asslab1.cpp(67,51): warning C4838: Преобразование из "unsigned short" в "float" требует сужающего преобразования.
C:\Users\rumya\source\repos\MatrixAssambler\asslab1.cpp(67,61): warning C4838: Преобразование из "unsigned short" в "float" требует сужающего преобразования.
C:\Users\rumya\source\repos\MatrixAssambler\asslab1.cpp(82,23): warning C4244: =: преобразование "float" в "unsigned short", возможна потеря данных
C:\Users\rumya\source\repos\MatrixAssambler\asslab1.cpp(83,23): warning C4244: =: преобразование "float" в "unsigned short", возможна потеря данных
C:\Users\rumya\source\repos\MatrixAssambler\asslab1.cpp(84,23): warning C4244: =: преобразование "float" в "unsigned short", возможна потеря данных
C:\Users\rumya\source\repos\MatrixAssambler\asslab1.cpp(85,23): warning C4244: =: преобразование "float" в "unsigned short", возможна потеря данных
C:\Users\rumya\source\repos\MatrixAssambler\asslab1.cpp(86,23): warning C4244: =: преобразование "float" в "unsigned short", возможна потеря данных
C:\Users\rumya\source\repos\MatrixAssambler\asslab1.cpp(87,23): warning C4244: =: преобразование "float" в "unsigned short", возможна потеря данных
C:\Users\rumya\source\repos\MatrixAssambler\asslab1.cpp(88,23): warning C4244: =: преобразование "float" в "unsigned short", возможна потеря данных
C:\Users\rumya\source\repos\MatrixAssambler\asslab1.cpp(89,23): warning C4244: =: преобразование "float" в "unsigned short", возможна потеря данных
C:\Users\rumya\source\repos\MatrixAssambler\asslab1.cpp(98,37): warning C4838: Преобразование из "unsigned short" в "float" требует сужающего преобразования.
C:\Users\rumya\source\repos\MatrixAssambler\asslab1.cpp(98,47): warning C4838: Преобразование из "unsigned short" в "float" требует сужающего преобразования.
C:\Users\rumya\source\repos\MatrixAssambler\asslab1.cpp(98,57): warning C4838: Преобразование из "unsigned short" в "float" требует сужающего преобразования.
C:\Users\rumya\source\repos\MatrixAssambler\asslab1.cpp(98,67): warning C4838: Преобразование из "unsigned short" в "float" требует сужающего преобразования.
C:\Users\rumya\source\repos\MatrixAssambler\asslab1.cpp(99,37): warning C4838: Преобразование из "unsigned short" в "float" требует сужающего преобразования.
C:\Users\rumya\source\repos\MatrixAssambler\asslab1.cpp(99,47): warning C4838: Преобразование из "unsigned short" в "float" требует сужающего преобразования.
C:\Users\rumya\source\repos\MatrixAssambler\asslab1.cpp(99,57): warning C4838: Преобразование из "unsigned short" в "float" требует сужающего преобразования.
C:\Users\rumya\source\repos\MatrixAssambler\asslab1.cpp(99,67): warning C4838: Преобразование из "unsigned short" в "float" требует сужающего преобразования.
C:\Users\rumya\source\repos\MatrixAssambler\asslab1.cpp(100,37): warning C4838: Преобразование из "unsigned short" в "float" требует сужающего преобразования.
C:\Users\rumya\source\repos\MatrixAssambler\asslab1.cpp(100,47): warning C4838: Преобразование из "unsigned short" в "float" требует сужающего преобразования.
C:\Users\rumya\source\repos\MatrixAssambler\asslab1.cpp(100,57): warning C4838: Преобразование из "unsigned short" в "float" требует сужающего преобразования.
C:\Users\rumya\source\repos\MatrixAssambler\asslab1.cpp(100,67): warning C4838: Преобразование из "unsigned short" в "float" требует сужающего преобразования.
C:\Users\rumya\source\repos\MatrixAssambler\asslab1.cpp(101,37): warning C4838: Преобразование из "unsigned short" в "float" требует сужающего преобразования.
C:\Users\rumya\source\repos\MatrixAssambler\asslab1.cpp(101,47): warning C4838: Преобразование из "unsigned short" в "float" требует сужающего преобразования.
C:\Users\rumya\source\repos\MatrixAssambler\asslab1.cpp(101,57): warning C4838: Преобразование из "unsigned short" в "float" требует сужающего преобразования.
C:\Users\rumya\source\repos\MatrixAssambler\asslab1.cpp(101,67): warning C4838: Преобразование из "unsigned short" в "float" требует сужающего преобразования.
C:\Users\rumya\source\repos\MatrixAssambler\asslab1.cpp(115,77): warning C4244: =: преобразование "float" в "unsigned short", возможна потеря данных
C:\Users\rumya\source\repos\MatrixAssambler\asslab1.cpp(123,44): warning C4838: Преобразование из "unsigned short" в "float" требует сужающего преобразования.
C:\Users\rumya\source\repos\MatrixAssambler\asslab1.cpp(123,64): warning C4838: Преобразование из "unsigned short" в "float" требует сужающего преобразования.
C:\Users\rumya\source\repos\MatrixAssambler\asslab1.cpp(123,84): warning C4838: Преобразование из "unsigned short" в "float" требует сужающего преобразования.
C:\Users\rumya\source\repos\MatrixAssambler\asslab1.cpp(123,104): warning C4838: Преобразование из "unsigned short" в "float" требует сужающего преобразования.
C:\Users\rumya\source\repos\MatrixAssambler\asslab1.cpp(124,44): warning C4838: Преобразование из "unsigned short" в "float" требует сужающего преобразования.
C:\Users\rumya\source\repos\MatrixAssambler\asslab1.cpp(124,64): warning C4838: Преобразование из "unsigned short" в "float" требует сужающего преобразования.
C:\Users\rumya\source\repos\MatrixAssambler\asslab1.cpp(124,84): warning C4838: Преобразование из "unsigned short" в "float" требует сужающего преобразования.
C:\Users\rumya\source\repos\MatrixAssambler\asslab1.cpp(124,104): warning C4838: Преобразование из "unsigned short" в "float" требует сужающего преобразования.
C:\Users\rumya\source\repos\MatrixAssambler\asslab1.cpp(125,26): warning C4838: Преобразование из "unsigned short" в "float" требует сужающего преобразования.
C:\Users\rumya\source\repos\MatrixAssambler\asslab1.cpp(125,29): warning C4838: Преобразование из "unsigned short" в "float" требует сужающего преобразования.
C:\Users\rumya\source\repos\MatrixAssambler\asslab1.cpp(125,32): warning C4838: Преобразование из "unsigned short" в "float" требует сужающего преобразования.
C:\Users\rumya\source\repos\MatrixAssambler\asslab1.cpp(125,35): warning C4838: Преобразование из "unsigned short" в "float" требует сужающего преобразования.
C:\Users\rumya\source\repos\MatrixAssambler\asslab1.cpp(140,36): warning C4244: =: преобразование "float" в "unsigned short", возможна потеря данных
C:\Users\rumya\source\repos\MatrixAssambler\asslab1.cpp(141,36): warning C4244: =: преобразование "float" в "unsigned short", возможна потеря данных
C:\Users\rumya\source\repos\MatrixAssambler\asslab1.cpp(142,36): warning C4244: =: преобразование "float" в "unsigned short", возможна потеря данных
C:\Users\rumya\source\repos\MatrixAssambler\asslab1.cpp(143,36): warning C4244: =: преобразование "float" в "unsigned short", возможна потеря данных
C:\Users\rumya\source\repos\MatrixAssambler\asslab1.cpp(144,36): warning C4244: =: преобразование "float" в "unsigned short", возможна потеря данных
C:\Users\rumya\source\repos\MatrixAssambler\asslab1.cpp(145,36): warning C4244: =: преобразование "float" в "unsigned short", возможна потеря данных
C:\Users\rumya\source\repos\MatrixAssambler\asslab1.cpp(146,36): warning C4244: =: преобразование "float" в "unsigned short", возможна потеря данных
C:\Users\rumya\source\repos\MatrixAssambler\asslab1.cpp(147,36): warning C4244: =: преобразование "float" в "unsigned short", возможна потеря данных
C:\Users\rumya\source\repos\MatrixAssambler\asslab1.cpp(156,61): warning C4244: =: преобразование "double" в "unsigned long", возможна потеря данных
C:\Users\rumya\source\repos\MatrixAssambler\asslab1.cpp(241,60): warning C4244: =: преобразование "double" в "unsigned long", возможна потеря данных
  asslab1.vcxproj -> C:\Users\rumya\source\repos\MatrixAssambler\Debug\asslab1.exe
